[META]
type = polygon
dictionary = meta_data_dictionary.csv

[SMAP]
type = polygon
dictionary = smap_data_dictionary.csv

[GEOTIFF]
type = polygon
dictionary = geotiff_data_dictionary.csv

[LATLON]
type = polygon
dictionary = latlon_data_dictionary.csv

[POINT]
type = point
dictionary = point_data_dictionary.csv

[POLYGON]
type = polygon
dictionary = polygon_data_dictionary.csv

[URSA]
type = polygon
dictionary = ursa_data_dictionary.csv

[DATAPOOL]
type = polygon
dictionary = datapool_data_dictionary.csv

[GRANULE]
type = polygon
dictionary = granule_data_dictionary.csv

[RGPS_LP_GRID]
type = point
dictionary = rgps_lp_data_dictionary.csv

[RGPS_DP_GRID]
type = point
dictionary = rgps_dp_grid_data_dictionary.csv

[RGPS_DP_CELL]
type = polygon
dictionary = rgps_dp_cell_data_dictionary.csv

[RGPS_EP_GRID]
type = line
dictionary = rgps_ep_data_dictionary.csv
