
Making Global Libraries
Making lib_APS
gnumake[1]: Entering directory `/home/aps/r2.1.1/src/lib_APS'

Compiling aps_access.c

Compiling aps_chmod.c

Compiling aps_internal_error.c

Compiling aps_log_msg.c

Compiling aps_report_header.c

Compiling apspath.c

Compiling asf_head.c

Compiling banner_exit.c

Compiling change_to_stoicdir.c

Compiling check_lat_lon.c

Compiling cvrg_allowed.c

Compiling del_blanks.c

Compiling esa_head.c

Compiling f77_aps_fullpath.c

Compiling get_APS_upass.c

Compiling get_cvg.c

Compiling get_phase.c

Compiling get_phase_r.c

Compiling get_phase_t.c

Compiling get_satsensor.c

Compiling getdup.c

Compiling j1_get_phase_t.c

Compiling j1drsp2r_c.c

Compiling j1rsp2rt_c.c

Compiling j1rt2rsp_c.c

Compiling open_log_file.c

Compiling quote_doubler.c

Compiling rsp_angle_check.c

Compiling rsp_check.c

Compiling rsp_path_check.c

Compiling sscvrev2time.c

Compiling aps_log_msg_fortran.for
aps_log_msg_fortran.for:
	aps_log_msg_fortran:

Compiling gcbomb.for
gcbomb.for:
	gcbomb:

Compiling j1drsp2r.for
j1drsp2r.for:
	j1drsp2r:

Compiling j1rsp2rt.for
j1rsp2rt.for:
	j1rsp2rt:

Compiling j1rt2rsp.for
j1rt2rsp.for:
	j1rt2rsp:

Compiling lastc.for
lastc.for:
	lastc:

Compiling rev2time.for
rev2time.for:
	rev2time:

Compiling revs2t.for
revs2t.for:
	revs2t:

Compiling rgetx.for
rgetx.for:
	rgetx:
	vecrot:

Compiling tfname.for
tfname.for:
	tfname:
	findvar:
	subvar:
	tfclean:

Compiling time2rev.for
time2rev.for:
	time2rev:

Compiling times2r.for
times2r.for:
	times2r:

Compiling writecheck.for
writecheck.for:
	writecheck:

Creating/Modifying Library libaps.a
ar: writing libaps.a
a - aps_access.o
a - aps_chmod.o
a - aps_internal_error.o
a - aps_log_msg.o
a - aps_report_header.o
a - apspath.o
a - asf_head.o
a - banner_exit.o
a - change_to_stoicdir.o
a - check_lat_lon.o
a - cvrg_allowed.o
a - del_blanks.o
a - esa_head.o
a - f77_aps_fullpath.o
a - get_APS_upass.o
a - get_cvg.o
a - get_phase.o
a - get_phase_r.o
a - get_phase_t.o
a - get_satsensor.o
a - getdup.o
a - j1_get_phase_t.o
a - j1drsp2r_c.o
a - j1rsp2rt_c.o
a - j1rt2rsp_c.o
a - open_log_file.o
a - quote_doubler.o
a - rsp_angle_check.o
a - rsp_check.o
a - rsp_path_check.o
a - sscvrev2time.o
a - aps_log_msg_fortran.o
a - gcbomb.o
a - j1drsp2r.o
a - j1rsp2rt.o
a - j1rt2rsp.o
a - lastc.o
a - rev2time.o
a - revs2t.o
a - rgetx.o
a - tfname.o
a - time2rev.o
a - times2r.o
a - writecheck.o
Done

Installing into APS:
gnumake[2]: Entering directory `/home/aps/r2.1.1/src/lib_APS'
Installing libaps.a to /home/aps/r2.1.1/lib/sparc/global
gnumake[2]: Leaving directory `/home/aps/r2.1.1/src/lib_APS'
Done
gnumake[1]: Leaving directory `/home/aps/r2.1.1/src/lib_APS'
Making lib_APSdb
gnumake[1]: Entering directory `/home/aps/r2.1.1/src/lib_APSdb'
Compiling aps_db_table.c
Compiling aps_db_table_utils.c
Compiling aps_get_sequence_number.c
Compiling aps_new_dtkid_errors.c
Compiling db_get_new_dtkid.c

Creating/Modifying Library libapsdb.a
ar: writing libapsdb.a
a - aps_db_table.o
a - aps_db_table_utils.o
a - aps_get_sequence_number.o
a - aps_new_dtkid_errors.o
a - db_get_new_dtkid.o
Done

Installing into APS:
gnumake[2]: Entering directory `/home/aps/r2.1.1/src/lib_APSdb'
Installing libapsdb.a to /home/aps/r2.1.1/lib/sparc/global
gnumake[2]: Leaving directory `/home/aps/r2.1.1/src/lib_APSdb'
Done
gnumake[1]: Leaving directory `/home/aps/r2.1.1/src/lib_APSdb'
Making lib_framegen
gnumake[1]: Entering directory `/home/aps/r2.1.1/src/lib_framegen'

Compiling darframe.c

Compiling fgtime.c

Compiling framegen.c

Compiling genpmf.c

Compiling get_orbit0.c

Creating/Modifying Library libfg.a
ar: writing libfg.a
a - darframe.o
a - fgtime.o
a - framegen.o
a - genpmf.o
a - get_orbit0.o
Done

Installing into APS:
gnumake[2]: Entering directory `/home/aps/r2.1.1/src/lib_framegen'
Installing libfg.a to /home/aps/r2.1.1/lib/sparc/global
gnumake[2]: Leaving directory `/home/aps/r2.1.1/src/lib_framegen'
Done
gnumake[1]: Leaving directory `/home/aps/r2.1.1/src/lib_framegen'
Making lib_interface
gnumake[1]: Entering directory `/home/aps/r2.1.1/src/lib_interface'

Compiling CSAconversions.c

Compiling DARconversions.c

Compiling ESAconversions.c

Compiling ESAc_yymmdd_pad_hh_mm_ss2asftime.c

Compiling GENconversions.c

Compiling gen_field_is_numeric.c

Compiling gen_string2str.c

Compiling IMSconversions.c

Compiling NASDAconversions.c
"/ASF/PRECM/include/faif/faifdefs.h", line 61: warning: typedef redeclared: CS_BYTE

Compiling ODLingestions.c

Compiling ODLconversions.c
"/ASF/PRECM/include/faif/faifdefs.h", line 61: warning: typedef redeclared: CS_BYTE

Compiling ODLequivalences.c

Creating/Modifying Library libAPSinterface.a
ar: writing libAPSinterface.a
a - CSAconversions.o
a - DARconversions.o
a - ESAconversions.o
a - ESAc_yymmdd_pad_hh_mm_ss2asftime.o
a - GENconversions.o
a - gen_field_is_numeric.o
a - gen_string2str.o
a - IMSconversions.o
a - NASDAconversions.o
a - ODLingestions.o
a - ODLconversions.o
a - ODLequivalences.o
Done

Installing into APS:
gnumake[2]: Entering directory `/home/aps/r2.1.1/src/lib_interface'
Installing libAPSinterface.a to /home/aps/r2.1.1/lib/sparc/global
gnumake[2]: Leaving directory `/home/aps/r2.1.1/src/lib_interface'
Done
gnumake[1]: Leaving directory `/home/aps/r2.1.1/src/lib_interface'
Making lib_llist
gnumake[1]: Entering directory `/home/aps/r2.1.1/src/lib_llist'

Compiling dapps_list.c

Compiling dapps_ord_list.c

Compiling znew.c

Compiling nmalloc.c

Creating/Modifying Library libllist.a 
ar: writing libllist.a
a - dapps_list.o
a - dapps_ord_list.o
a - znew.o
a - nmalloc.o
Done

Installing into APS:
gnumake[2]: Entering directory `/home/aps/r2.1.1/src/lib_llist'
Installing libllist.a to /home/aps/r2.1.1/lib/sparc/global
gnumake[2]: Leaving directory `/home/aps/r2.1.1/src/lib_llist'
Done
gnumake[1]: Leaving directory `/home/aps/r2.1.1/src/lib_llist'
Making lib_phase
gnumake[1]: Entering directory `/home/aps/r2.1.1/src/lib_phase'

Compiling asftime_2_phase.c

Compiling asftime2rev.c

Compiling check_rev_asftimes.c

Compiling check_rev_times_overlap.c

Compiling decode_error_message.c

Compiling phase_asftime2rev.c

Compiling phase_rev_in_phase.c

Compiling phase_decode_error.c

Compiling phase_first_rev.c

Compiling phase_get_list.c

Compiling phase_rev2asftime.c

Compiling phase_rev2et.c

Compiling rev2asftime.c

Compiling rev_2_phase.c

Creating/Modifying Library libphase.a
ar: writing libphase.a
a - asftime_2_phase.o
a - asftime2rev.o
a - check_rev_asftimes.o
a - check_rev_times_overlap.o
a - decode_error_message.o
a - phase_asftime2rev.o
a - phase_rev_in_phase.o
a - phase_decode_error.o
a - phase_first_rev.o
a - phase_get_list.o
a - phase_rev2asftime.o
a - phase_rev2et.o
a - rev2asftime.o
a - rev_2_phase.o
Done

Installing into APS:
gnumake[2]: Entering directory `/home/aps/r2.1.1/src/lib_phase'
Installing libphase.a to /home/aps/r2.1.1/lib/sparc/global
gnumake[2]: Leaving directory `/home/aps/r2.1.1/src/lib_phase'
Done
gnumake[1]: Leaving directory `/home/aps/r2.1.1/src/lib_phase'
Making lib_sybint
gnumake[1]: Entering directory `/home/aps/r2.1.1/src/lib_sybint'

Compiling db_get_max_value.c

Compiling db_get_min_value.c

Compiling db_install_error_handler.c

Compiling db_install_message_handler.c

Compiling db_num_records.c

Compiling db_open.c

Compiling db_open_APS_readonly.c

Compiling db_sybint.c

Compiling db_transaction.c

Creating/Modifying Library libsybint.a
ar: writing libsybint.a
a - db_get_max_value.o
a - db_get_min_value.o
a - db_install_error_handler.o
a - db_install_message_handler.o
a - db_num_records.o
a - db_open.o
a - db_open_APS_readonly.o
a - db_sybint.o
a - db_transaction.o
Done

Installing into APS:
gnumake[2]: Entering directory `/home/aps/r2.1.1/src/lib_sybint'
Installing libsybint.a to /home/aps/r2.1.1/lib/sparc/global
gnumake[2]: Leaving directory `/home/aps/r2.1.1/src/lib_sybint'
Done
gnumake[1]: Leaving directory `/home/aps/r2.1.1/src/lib_sybint'
Making lib_timec
gnumake[1]: Entering directory `/home/aps/r2.1.1/src/lib_timec'

Compiling timeconvc.c

Compiling timeconvf.for
timeconvf.for:
	tc_et2utc:
	tc_utc2et:
	tc_julian:

Creating/Modifying Library libtimes.a
ar: writing libtimes.a
a - timeconvc.o
a - timeconvf.o
Done

Installing into APS:
gnumake[2]: Entering directory `/home/aps/r2.1.1/src/lib_timec'
Installing libtimes.a to /home/aps/r2.1.1/lib/sparc/global
gnumake[2]: Leaving directory `/home/aps/r2.1.1/src/lib_timec'
Done
gnumake[1]: Leaving directory `/home/aps/r2.1.1/src/lib_timec'

Making Local Libraries
Making lib_APSmath
gnumake[1]: Entering directory `/home/aps/r2.1.1/src/lib_APSmath'

Compiling cotrns.for
cotrns.for:
	cotrns:

Compiling ersswath.for
ersswath.for:
	swath_compute:
	ers_ysm_rot:
	ers_ysm_angl:
	rotate_zxy:
	rotatx:
	rotaty:
	rotatz:
	local_frame:
	ellp:
	glat:

Compiling gcatrv.for
gcatrv.for:
	gcatrv:

Compiling gcbtwn.for
gcbtwn.for:
	gcbtwn:

Compiling gcdist.for
gcdist.for:
	gcdist:

Compiling gcentc.for
gcentc.for:
	gcentc:

Compiling gcfrac.for
gcfrac.for:
	gcfrac:

Compiling gclinq.for
gclinq.for:
	gclinq:

Compiling gclose.for
gclose.for:
	gclose:

Compiling gclovr.for
gclovr.for:
	gclovr:

Compiling gcperp.for
gcperp.for:
	gcperp:

Compiling gcpinq.for
gcpinq.for:
	gcpinq:

Compiling gcrinq.for
gcrinq.for:
	gcrinq:

Compiling gcrovr.for
gcrovr.for:
	gcrovr:

Compiling gcsegp.for
gcsegp.for:
	gcsegp:

Compiling gctrav.for
gctrav.for:
	gctrav:

Compiling gctrvf.for
gctrvf.for:
	gctrvf:

Compiling geodet.for
geodet.for:
	geodet:
	togeod:

Compiling ll2xyz.for
ll2xyz.for:
	ll2xyz:

Compiling mathnew.for
mathnew.for:
	dup_new:
	dupn:
	rad:
	deg:
	dot:
	ddot:
	dmag:
	gha:
	tru2t:
	t2tru:
	quad:
	gshift:
	root:
	tdrsgm:
	sigma1:
	podrec:
	polrec:
	recpol:
	recpod:
	add:
	add3:
	neg:
	load:
	cross:
	unit:
	orbnrm:
	sunpo:
	kplr:
	moonpo:
	pwinit:
	pwcoe:
	pwsetl:
	pwint:
	lagrng:
	lagint:
	clavec:
	claved:
	vecla:
	vecla_old:
	veclad:
	propg:
	root2:
	vis:
	lgndr:
	deltj2:
	dang:
	cirgen:

Compiling mps_cgen.for
mps_cgen.for:
	mps_cgen:

Compiling mpsclose.for
mpsclose.for:
	mpsclose:

Compiling mpsintrp.for
mpsintrp.for:
	mpsintrp:

Compiling qnpnt.for
qnpnt.for:
	qnpnt:

Compiling qspnt.for
qspnt.for:
	qspnt:

Compiling sangl.for
sangl.for:
	sangl:

Compiling sangld.for
sangld.for:
	sangld:

Compiling svtrns.for
svtrns.for:
	svtrns:

Compiling swangl.for
swangl.for:
	swangl:

Compiling swentc.for
swentc.for:
	swentc:

Compiling swentq.for
swentq.for:
	swentq:

Compiling swinq.for
swinq.for:
	swinq:

Compiling swside.for
swside.for:
	swside:

Compiling vintrd.for
vintrd.for:
	vintrd:
	dintrp:

Compiling xyz2ll.for
xyz2ll.for:
	xyz2ll:

Creating/Modifying Library libapsmath.a
ar: writing libapsmath.a
a - cotrns.o
a - ersswath.o
a - gcatrv.o
a - gcbtwn.o
a - gcdist.o
a - gcentc.o
a - gcfrac.o
a - gclinq.o
a - gclose.o
a - gclovr.o
a - gcperp.o
a - gcpinq.o
a - gcrinq.o
a - gcrovr.o
a - gcsegp.o
a - gctrav.o
a - gctrvf.o
a - geodet.o
a - ll2xyz.o
a - mathnew.o
a - mps_cgen.o
a - mpsclose.o
a - mpsintrp.o
a - qnpnt.o
a - qspnt.o
a - sangl.o
a - sangld.o
a - svtrns.o
a - swangl.o
a - swentc.o
a - swentq.o
a - swinq.o
a - swside.o
a - vintrd.o
a - xyz2ll.o
Done

Installing into APS:
gnumake[2]: Entering directory `/home/aps/r2.1.1/src/lib_APSmath'
Installing libapsmath.a to /home/aps/r2.1.1/lib/sparc/local
gnumake[2]: Leaving directory `/home/aps/r2.1.1/src/lib_APSmath'
Done
gnumake[1]: Leaving directory `/home/aps/r2.1.1/src/lib_APSmath'
Making lib_APSpmfutils
gnumake[1]: Entering directory `/home/aps/r2.1.1/src/lib_APSpmfutils'

Compiling APSpmfutilities.c

Creating/Modifying Library libAPSpmfutils.a
ar: writing libAPSpmfutils.a
a - APSpmfutilities.o
Done

Installing into APS:
gnumake[2]: Entering directory `/home/aps/r2.1.1/src/lib_APSpmfutils'
Installing libAPSpmfutils.a to /home/aps/r2.1.1/lib/sparc/local
gnumake[2]: Leaving directory `/home/aps/r2.1.1/src/lib_APSpmfutils'
Done
gnumake[1]: Leaving directory `/home/aps/r2.1.1/src/lib_APSpmfutils'
Making lib_F77APSdb
gnumake[1]: Entering directory `/home/aps/r2.1.1/src/lib_F77APSdb'

Compiling f77_db_ephemeris.c

Compiling f77_db_site.c

Compiling f77_db_cvrg.c

Compiling f77_db_phase.c

Compiling f77_db_sscvrg.c

Compiling f77_db_dar.c

Compiling f77_db_satsensor.c

Compiling f77_db_station.c

Compiling f77_db_dtk.c

Compiling f77_db_seg.c

Creating/Modifying Library libapsf77db.a
ar: writing libapsf77db.a
a - f77_db_ephemeris.o
a - f77_db_site.o
a - f77_db_cvrg.o
a - f77_db_phase.o
a - f77_db_sscvrg.o
a - f77_db_dar.o
a - f77_db_satsensor.o
a - f77_db_station.o
a - f77_db_dtk.o
a - f77_db_seg.o
Done

Installing into APS:
gnumake[2]: Entering directory `/home/aps/r2.1.1/src/lib_F77APSdb'
Installing libapsf77db.a to /home/aps/r2.1.1/lib/sparc/local
gnumake[2]: Leaving directory `/home/aps/r2.1.1/src/lib_F77APSdb'
Done
gnumake[1]: Leaving directory `/home/aps/r2.1.1/src/lib_F77APSdb'
Making lib_dtkm
gnumake[1]: Entering directory `/home/aps/r2.1.1/src/lib_dtkm'

Compiling dtkm_activities_conflict.c

Compiling dtkm_add_rld2dtks.c

Compiling dtkm_aps_does_cvrg4sat.c

Compiling dtkm_blank_values.c

Compiling dtkm_check_antenna_down_times.c

Compiling dtkm_check_antenna_conflicts.c

Compiling dtkm_check_bumpability.c

Compiling dtkm_check_same_sat_conflicts.c

Compiling dtkm_check_sat_equipment.c

Compiling dtkm_check_sat_group_conflict.c

Compiling dtkm_check_values.c

Compiling dtkm_combine_dtks.c

Compiling dtkm_copy_dtks_value.c

Compiling dtkm_create_antenna_list.c

Compiling dtkm_create_same_sat_time_bracket.c

Compiling dtkm_default_values.c

Compiling dtkm_delete_dl2obs_recs.c

Compiling dtkm_delete_dtk.c

Compiling dtkm_delete_dtk_from_list.c

Compiling dtkm_delete_dtk_record.c

Compiling dtkm_determine_station_mask.c

Compiling dtkm_dl2obs.c

Compiling dtkm_duplicate_dtk_into_list.c

Compiling dtkm_error_message.c

Compiling dtkm_extract_first_sat.c

Compiling dtkm_extract_other_sat_dtks.c

Compiling dtkm_extract_same_sat_dtks.c

Compiling dtkm_find_antenna_for_dtk.c

Compiling dtkm_fix_dl2obs.c

Compiling dtkm_get_antenna_dtk_padding_time.c

Compiling dtkm_get_antenna_preference.c

Compiling dtkm_get_antenna_priority.c

Compiling dtkm_get_cvrg_points.c

Compiling dtkm_get_dtkstat_where_clause.c

Compiling dtkm_get_earliest_submit_time.c

Compiling dtkm_get_firstlast_track.c

Compiling dtkm_get_highest_antenna_priority.c

Compiling dtkm_get_quicklook_values.c

Compiling dtkm_get_rej_conflicts.c

Compiling dtkm_get_sitename.c

Compiling dtkm_in_station_mask.c

Compiling dtkm_insert_dtk_record.c

Compiling dtkm_insert_dl2obs_rec.c

Compiling dtkm_is_a_downlink.c

Compiling dtkm_is_a_realtime_downlink.c

Compiling dtkm_is_a_realtime_observation.c

Compiling dtkm_is_a_recording.c

Compiling dtkm_is_a_tape_dump.c

Compiling dtkm_is_an_observation.c

Compiling dtkm_is_in_antarctic_mode.c

Compiling dtkm_obs2dl.c

Compiling dtkm_print_list.c

Compiling dtkm_process_antenna_down_time.c

Compiling dtkm_process_dtk.c

Compiling dtkm_process_dtk_proposal.c

Compiling dtkm_process_dtk_proposal_list.c

Compiling dtkm_reduce_accepted_dtks.c

Compiling dtkm_remove_dtks_from_list.c

Compiling dtkm_remove_observations.c

Compiling dtkm_r1_update_sensor.c

Compiling dtkm_set_dtkstat_from_dl.c

Compiling dtkm_sat_has_recorder.c

Compiling dtkm_set_fa_schedule_link_from_list.c

Compiling dtkm_sat_sensor_is_low_bit_rate.c

Compiling dtkm_set_proposed_dtkstat.c

Compiling dtkm_time_bracket_dtk_list.c

Compiling dtkm_update_best_antenna.c

Compiling dtkm_update_dl_quicklook.c

Compiling dtkm_update_dl2obs_4dtk.c

Compiling dtkm_update_dtk.c

Compiling dtkm_update_dtk_darid.c

Compiling dtkm_update_dtk_record.c

Compiling dtkm_update_dtk_sensor.c

Compiling dtkm_update_dtks_field.c

Compiling dtkm_update_obs_dtkstat.c

Compiling dtkm_update_obs_times_from_rdl.c

Compiling dtkm_2dtks_concur.c

Creating/Modifying Library libdtkm.a
ar: writing libdtkm.a
a - dtkm_activities_conflict.o
a - dtkm_add_rld2dtks.o
a - dtkm_aps_does_cvrg4sat.o
a - dtkm_blank_values.o
a - dtkm_check_antenna_down_times.o
a - dtkm_check_antenna_conflicts.o
a - dtkm_check_bumpability.o
a - dtkm_check_same_sat_conflicts.o
a - dtkm_check_sat_equipment.o
a - dtkm_check_sat_group_conflict.o
a - dtkm_check_values.o
a - dtkm_combine_dtks.o
a - dtkm_copy_dtks_value.o
a - dtkm_create_antenna_list.o
a - dtkm_create_same_sat_time_bracket.o
a - dtkm_default_values.o
a - dtkm_delete_dl2obs_recs.o
a - dtkm_delete_dtk.o
a - dtkm_delete_dtk_from_list.o
a - dtkm_delete_dtk_record.o
a - dtkm_determine_station_mask.o
a - dtkm_dl2obs.o
a - dtkm_duplicate_dtk_into_list.o
a - dtkm_error_message.o
a - dtkm_extract_first_sat.o
a - dtkm_extract_other_sat_dtks.o
a - dtkm_extract_same_sat_dtks.o
a - dtkm_find_antenna_for_dtk.o
a - dtkm_fix_dl2obs.o
a - dtkm_get_antenna_dtk_padding_time.o
a - dtkm_get_antenna_preference.o
a - dtkm_get_antenna_priority.o
a - dtkm_get_cvrg_points.o
a - dtkm_get_dtkstat_where_clause.o
a - dtkm_get_earliest_submit_time.o
a - dtkm_get_firstlast_track.o
a - dtkm_get_highest_antenna_priority.o
a - dtkm_get_quicklook_values.o
a - dtkm_get_rej_conflicts.o
a - dtkm_get_sitename.o
a - dtkm_in_station_mask.o
a - dtkm_insert_dtk_record.o
a - dtkm_insert_dl2obs_rec.o
a - dtkm_is_a_downlink.o
a - dtkm_is_a_realtime_downlink.o
a - dtkm_is_a_realtime_observation.o
a - dtkm_is_a_recording.o
a - dtkm_is_a_tape_dump.o
a - dtkm_is_an_observation.o
a - dtkm_is_in_antarctic_mode.o
a - dtkm_obs2dl.o
a - dtkm_print_list.o
a - dtkm_process_antenna_down_time.o
a - dtkm_process_dtk.o
a - dtkm_process_dtk_proposal.o
a - dtkm_process_dtk_proposal_list.o
a - dtkm_reduce_accepted_dtks.o
a - dtkm_remove_dtks_from_list.o
a - dtkm_remove_observations.o
a - dtkm_r1_update_sensor.o
a - dtkm_set_dtkstat_from_dl.o
a - dtkm_sat_has_recorder.o
a - dtkm_set_fa_schedule_link_from_list.o
a - dtkm_sat_sensor_is_low_bit_rate.o
a - dtkm_set_proposed_dtkstat.o
a - dtkm_time_bracket_dtk_list.o
a - dtkm_update_best_antenna.o
a - dtkm_update_dl_quicklook.o
a - dtkm_update_dl2obs_4dtk.o
a - dtkm_update_dtk.o
a - dtkm_update_dtk_darid.o
a - dtkm_update_dtk_record.o
a - dtkm_update_dtk_sensor.o
a - dtkm_update_dtks_field.o
a - dtkm_update_obs_dtkstat.o
a - dtkm_update_obs_times_from_rdl.o
a - dtkm_2dtks_concur.o
Done

Installing into APS:
gnumake[2]: Entering directory `/home/aps/r2.1.1/src/lib_dtkm'
Installing libdtkm.a to /home/aps/r2.1.1/lib/sparc/local
gnumake[2]: Leaving directory `/home/aps/r2.1.1/src/lib_dtkm'
Done
gnumake[1]: Leaving directory `/home/aps/r2.1.1/src/lib_dtkm'
Making lib_fileutils
gnumake[1]: Entering directory `/home/aps/r2.1.1/src/lib_fileutils'

Compiling ascii_file_creator.c
"/ASF/PRECM/include/faif/faifdefs.h", line 61: warning: typedef redeclared: CS_BYTE

Compiling ODL_file_ingestion.c
"/ASF/PRECM/include/faif/faifdefs.h", line 61: warning: typedef redeclared: CS_BYTE

Compiling file_ingestion.c
"/ASF/PRECM/include/faif/faifdefs.h", line 61: warning: typedef redeclared: CS_BYTE

Compiling fa_move_file.c

Compiling fa_copy_file.c

Compiling reqa_grs_processor.c

Compiling reqqid_coding.c

Creating/Modifying Library libfileutils.a
ar: writing libfileutils.a
a - ascii_file_creator.o
a - ODL_file_ingestion.o
a - file_ingestion.o
a - fa_move_file.o
a - fa_copy_file.o
a - reqa_grs_processor.o
a - reqqid_coding.o
Done

Installing into APS:
gnumake[2]: Entering directory `/home/aps/r2.1.1/src/lib_fileutils'
Installing libfileutils.a to /home/aps/r2.1.1/lib/sparc/local
gnumake[2]: Leaving directory `/home/aps/r2.1.1/src/lib_fileutils'
Done
gnumake[1]: Leaving directory `/home/aps/r2.1.1/src/lib_fileutils'
Making lib_multiUser
gnumake[1]: Entering directory `/home/aps/r2.1.1/src/lib_multiUser'

Compiling mu_dar_activity_request.c

Compiling mu_error_message.c

Compiling mu_get_new_permission_id.c

Compiling mu_get_permission.c

Compiling mu_get_unix_userid.c

Compiling mu_insert_dar_perm.c

Compiling mu_insert_planning_perm.c

Compiling mu_insert_single_perm.c

Compiling mu_pad_time_bracket.c

Compiling mu_permission_request.c

Compiling mu_permission_retrieve.c

Compiling mu_permission_terminate.c

Compiling mu_permission_validate.c

Compiling mu_planning_activity_request.c

Compiling mu_single_activity_request.c

Compiling mu_sysprocesses.c

Compiling mu_validate_activity_id.c

Compiling mu_validate_sat_phase_nominal_orb.c

Compiling mu_validate_station_id.c

Compiling mu_verify_dar_perms.c

Compiling mu_verify_planning_perms.c

Compiling mu_verify_single_perms.c

Creating/Modifying Library libmu.a
ar: writing libmu.a
a - mu_dar_activity_request.o
a - mu_error_message.o
a - mu_get_new_permission_id.o
a - mu_get_permission.o
a - mu_get_unix_userid.o
a - mu_insert_dar_perm.o
a - mu_insert_planning_perm.o
a - mu_insert_single_perm.o
a - mu_pad_time_bracket.o
a - mu_permission_request.o
a - mu_permission_retrieve.o
a - mu_permission_terminate.o
a - mu_permission_validate.o
a - mu_planning_activity_request.o
a - mu_single_activity_request.o
a - mu_sysprocesses.o
a - mu_validate_activity_id.o
a - mu_validate_sat_phase_nominal_orb.o
a - mu_validate_station_id.o
a - mu_verify_dar_perms.o
a - mu_verify_planning_perms.o
a - mu_verify_single_perms.o
Done

Installing into APS:
gnumake[2]: Entering directory `/home/aps/r2.1.1/src/lib_multiUser'
Installing libmu.a to /home/aps/r2.1.1/lib/sparc/local
gnumake[2]: Leaving directory `/home/aps/r2.1.1/src/lib_multiUser'
Done
gnumake[1]: Leaving directory `/home/aps/r2.1.1/src/lib_multiUser'

Making CSA_dtkf_p
gnumake[1]: Entering directory `/home/aps/r2.1.1/src/CSA_dtkf_p'

Compiling CSA_dtkf_processor.c

Linking    aps_proc_CSAFile
Done

Installing into APS:
gnumake[2]: Entering directory `/home/aps/r2.1.1/src/CSA_dtkf_p'
Installing aps_proc_CSAFile to /home/aps/r2.1.1/bin/sparc
gnumake[2]: Leaving directory `/home/aps/r2.1.1/src/CSA_dtkf_p'
Done
gnumake[1]: Leaving directory `/home/aps/r2.1.1/src/CSA_dtkf_p'
Making CON_roundup
gnumake[1]: Entering directory `/home/aps/r2.1.1/src/CON_roundup'

Compiling main.c

Compiling CON_roundup.c

Linking    aps_CON_roundup
Done

Installing into APS:
gnumake[2]: Entering directory `/home/aps/r2.1.1/src/CON_roundup'
Installing aps_CON_roundup to /home/aps/r2.1.1/bin/sparc
gnumake[2]: Leaving directory `/home/aps/r2.1.1/src/CON_roundup'
Done
gnumake[1]: Leaving directory `/home/aps/r2.1.1/src/CON_roundup'
Making DTK_tools
gnumake[1]: Entering directory `/home/aps/r2.1.1/src/DTK_tools'

Compiling upd_DTK_stat.c
"/ASF/PRECM/include/faif/faifdefs.h", line 61: warning: typedef redeclared: CS_BYTE

Linking    aps_upd_DTK_stat
Done

Installing into APS:
gnumake[2]: Entering directory `/home/aps/r2.1.1/src/DTK_tools'
Installing aps_upd_DTK_stat to /home/aps/r2.1.1/bin/sparc
gnumake[2]: Leaving directory `/home/aps/r2.1.1/src/DTK_tools'
Done
gnumake[1]: Leaving directory `/home/aps/r2.1.1/src/DTK_tools'
Making DAR2DTK
gnumake[1]: Entering directory `/home/aps/r2.1.1/src/DAR2DTK'

Compiling main.c

Compiling crt_dar_dtk.c

Compiling crt_dar_dtk_errors.c

Linking    aps_DAR2DTK
Done

Installing into APS:
gnumake[2]: Entering directory `/home/aps/r2.1.1/src/DAR2DTK'
Installing aps_DAR2DTK to /home/aps/r2.1.1/bin/sparc
gnumake[2]: Leaving directory `/home/aps/r2.1.1/src/DAR2DTK'
Done
gnumake[1]: Leaving directory `/home/aps/r2.1.1/src/DAR2DTK'
Making FA_dtkf_c
gnumake[1]: Entering directory `/home/aps/r2.1.1/src/FA_dtkf_c'

Compiling FA_dtkf_creator.c
"/ASF/PRECM/include/faif/faifdefs.h", line 61: warning: typedef redeclared: CS_BYTE

Compiling boundingbox.c

Compiling latlon2grs.c

Compiling station_mask_flag.c

Compiling calc_grs_errors.c

Compiling create_grs_list.c

Compiling REQQ_append.c

Compiling get_observe_times.c

Compiling list_handling.c

Compiling crt_grs_reqq.c

Compiling load_dar.c

Linking    aps_crt_FA_File 
Done

Installing into APS:
gnumake[2]: Entering directory `/home/aps/r2.1.1/src/FA_dtkf_c'
Installing aps_crt_FA_File to /home/aps/r2.1.1/bin/sparc
gnumake[2]: Leaving directory `/home/aps/r2.1.1/src/FA_dtkf_c'
Done
gnumake[1]: Leaving directory `/home/aps/r2.1.1/src/FA_dtkf_c'
Making FA_dtkf_p
gnumake[1]: Entering directory `/home/aps/r2.1.1/src/FA_dtkf_p'

Compiling FA_dtkf_processor.c
"/ASF/PRECM/include/faif/faifdefs.h", line 61: warning: typedef redeclared: CS_BYTE

Linking    aps_proc_FA_File
Done

Installing into APS:
gnumake[2]: Entering directory `/home/aps/r2.1.1/src/FA_dtkf_p'
Installing aps_proc_FA_File to /home/aps/r2.1.1/bin/sparc
gnumake[2]: Leaving directory `/home/aps/r2.1.1/src/FA_dtkf_p'
Done
gnumake[1]: Leaving directory `/home/aps/r2.1.1/src/FA_dtkf_p'
Making ODL_dtkf_c
gnumake[1]: Entering directory `/home/aps/r2.1.1/src/ODL_dtkf_c'

Compiling ODL_dtkf_creator.c
"/ASF/PRECM/include/faif/faifdefs.h", line 61: warning: typedef redeclared: CS_BYTE

Linking    aps_crt_ODL_File
Done

Installing into APS:
gnumake[2]: Entering directory `/home/aps/r2.1.1/src/ODL_dtkf_c'
Installing aps_crt_ODL_File to /home/aps/r2.1.1/bin/sparc
gnumake[2]: Leaving directory `/home/aps/r2.1.1/src/ODL_dtkf_c'
Done
gnumake[1]: Leaving directory `/home/aps/r2.1.1/src/ODL_dtkf_c'
Making ODL_dtkf_p
gnumake[1]: Entering directory `/home/aps/r2.1.1/src/ODL_dtkf_p'

Compiling ODL_dtkf_processor.c

Linking    aps_proc_ODLFile
Done

Installing into APS:
gnumake[2]: Entering directory `/home/aps/r2.1.1/src/ODL_dtkf_p'
Installing aps_proc_ODLFile to /home/aps/r2.1.1/bin/sparc
gnumake[2]: Leaving directory `/home/aps/r2.1.1/src/ODL_dtkf_p'
Done
gnumake[1]: Leaving directory `/home/aps/r2.1.1/src/ODL_dtkf_p'
Making WOS_tools
gnumake[1]: Entering directory `/home/aps/r2.1.1/src/WOS_tools'

Compiling WOS_compare.c
"/ASF/PRECM/include/faif/faifdefs.h", line 61: warning: typedef redeclared: CS_BYTE

Linking    aps_WOS_compare
Done

Installing into APS:
gnumake[2]: Entering directory `/home/aps/r2.1.1/src/WOS_tools'
Installing aps_WOS_compare to /home/aps/r2.1.1/bin/sparc
gnumake[2]: Leaving directory `/home/aps/r2.1.1/src/WOS_tools'
Done
gnumake[1]: Leaving directory `/home/aps/r2.1.1/src/WOS_tools'
Making asap
gnumake[1]: Entering directory `/home/aps/r2.1.1/src/asap'

Compiling asap_delete_ephmeris.c

Compiling asap_insert_ephemeris.c

Compiling asap_main.for
asap_main.for:
 MAIN asap_main:

Compiling asap_copy.for
asap_copy.for:
	asap_copy:
	vecrot:

Compiling easap.for
easap.for:
	asap:
	lop:

Compiling a_pout.for
a_pout.for:
	pout:

Compiling vnode.for
vnode.for:
	vnode:
	dintrp_g:
	uv:
	vx:
	travf:
	vstat:

Compiling angles.for
angles.for:
	angles:

Compiling anomly.for
anomly.for:
	anomly:

Compiling coord.for
coord.for:
	coord:

Compiling delm.for
delm.for:
	delm:

Compiling dens76.for
dens76.for:
	dens76:

Compiling der.for
der.for:
	der:

Compiling ephem.for
ephem.for:
	ephem:

Compiling eqnox.for
eqnox.for:
	eqnox:

Compiling julian.for
julian.for:
	julian:

Compiling kepler.for
kepler.for:
	kepler:

Compiling kozsak.for
kozsak.for:
	kozsak:

Compiling legend.for
legend.for:
	legend:

Compiling rk78.for
rk78.for:
	rk78:

Compiling rk78cn.for
rk78cn.for:
	rk78cn:

Compiling setsun.for
setsun.for:
	setsun:

Compiling setthd.for
setthd.for:
	setthd:

Compiling userop.for
userop.for:
	userop:

Compiling xthird.for
xthird.for:
	xthird:

Compiling getargi.for
getargi.for:
	getargi:

Compiling getargxx.for
getargxx.for:
	getargxx:

Linking    aps_asapephm
Done

Installing into APS:
gnumake[2]: Entering directory `/home/aps/r2.1.1/src/asap'
Installing aps_asapephm to /home/aps/r2.1.1/bin/sparc
gnumake[2]: Leaving directory `/home/aps/r2.1.1/src/asap'
Done
gnumake[1]: Leaving directory `/home/aps/r2.1.1/src/asap'
Making ant_roundup
gnumake[1]: Entering directory `/home/aps/r2.1.1/src/ant_roundup'

Compiling main.c

Compiling ant_roundup.c

Linking    aps_ant_roundup
Done

Installing into APS:
gnumake[2]: Entering directory `/home/aps/r2.1.1/src/ant_roundup'
Installing aps_ant_roundup to /home/aps/r2.1.1/bin/sparc
gnumake[2]: Leaving directory `/home/aps/r2.1.1/src/ant_roundup'
Done
gnumake[1]: Leaving directory `/home/aps/r2.1.1/src/ant_roundup'
Making aps_coverage_window
gnumake[1]: Entering directory `/home/aps/r2.1.1/src/aps_coverage_window'

Compiling main.c

Compiling aps_coverage_window.c

Linking    aps_coverage_window
Done

Installing into APS:
gnumake[2]: Entering directory `/home/aps/r2.1.1/src/aps_coverage_window'
Installing aps_coverage_window to /home/aps/r2.1.1/bin/sparc
gnumake[2]: Leaving directory `/home/aps/r2.1.1/src/aps_coverage_window'
Done
gnumake[1]: Leaving directory `/home/aps/r2.1.1/src/aps_coverage_window'
Making aps_encrypt
gnumake[1]: Entering directory `/home/aps/r2.1.1/src/aps_encrypt'

Compiling main.c

Compiling getpass.c

Linking    APS_encrypt
Done

Installing into APS:
gnumake[2]: Entering directory `/home/aps/r2.1.1/src/aps_encrypt'
Installing APS_encrypt to /home/aps/r2.1.1/bin/sparc
gnumake[2]: Leaving directory `/home/aps/r2.1.1/src/aps_encrypt'
Done
gnumake[1]: Leaving directory `/home/aps/r2.1.1/src/aps_encrypt'
Making aps_upd_DAR_stat
gnumake[1]: Entering directory `/home/aps/r2.1.1/src/aps_upd_DAR_stat'

Compiling main.c
"/ASF/PRECM/include/imsdads/ims_dbms.h", line 33: warning: macro redefined: COMPILE_STYLE

Compiling aps_upd_DAR_stat.c

Linking    aps_upd_DAR_stat
Done

Installing into APS:
gnumake[2]: Entering directory `/home/aps/r2.1.1/src/aps_upd_DAR_stat'
Installing aps_upd_DAR_stat to /home/aps/r2.1.1/bin/sparc
gnumake[2]: Leaving directory `/home/aps/r2.1.1/src/aps_upd_DAR_stat'
Done
gnumake[1]: Leaving directory `/home/aps/r2.1.1/src/aps_upd_DAR_stat'
Making aps2hc
gnumake[1]: Entering directory `/home/aps/r2.1.1/src/aps2hc'
idl -v  -I/opt/dce/share/include/dce -I/opt/dce/share/include -Dtime_t=long -server none \
	-client none hst_types.idl 
Running C preprocessor /usr/ccs/lib/cpp  hst_types.idl -Dtime_t=long -I. -I/opt/dce/share/include/dce -I/opt/dce/share/include -I/usr/include
Importing IDL file /opt/dce/share/include/dce/nbase.idl
Running C preprocessor /usr/ccs/lib/cpp  /opt/dce/share/include/dce/nbase.idl -Dtime_t=long -I. -I/opt/dce/share/include/dce -I/opt/dce/share/include -I/usr/include
Creating include file hst_types.h
idl -v  -I/opt/dce/share/include/dce -I/opt/dce/share/include -Dtime_t=long -server none \
	downlink_ingest.idl
Running C preprocessor /usr/ccs/lib/cpp  downlink_ingest.idl -Dtime_t=long -I. -I/opt/dce/share/include/dce -I/opt/dce/share/include -I/usr/include
Importing IDL file /opt/dce/share/include/dce/nbase.idl
Running C preprocessor /usr/ccs/lib/cpp  /opt/dce/share/include/dce/nbase.idl -Dtime_t=long -I. -I/opt/dce/share/include/dce -I/opt/dce/share/include -I/usr/include
Importing IDL file hst_types.idl
Running C preprocessor /usr/ccs/lib/cpp  hst_types.idl -Dtime_t=long -I. -I/opt/dce/share/include/dce -I/opt/dce/share/include -I/usr/include
Processing attribute configuration file downlink_ingest.acf
Running C preprocessor /usr/ccs/lib/cpp  downlink_ingest.acf -Dtime_t=long -I. -I/opt/dce/share/include/dce -I/opt/dce/share/include -I/usr/include
Creating include file downlink_ingest.h
Creating stub module downlink_ingest_cstub.c
Compiling stub module cc -c   -I. -I/opt/dce/share/include/dce -I/opt/dce/share/include -I/usr/include  downlink_ingest_cstub.c
Deleting stub module downlink_ingest_cstub.c

Compiling aps2hc_main.c

Compiling aps2hc_init.c

Compiling aps2hc_send.c

Compiling aps2hc_status.c

Linking aps_aps2hc_xmitClient 
Done

Installing into APS:
gnumake[2]: Entering directory `/home/aps/r2.1.1/src/aps2hc'
Installing aps_aps2hc_xmitClient to /home/aps/r2.1.1/bin/sparc
gnumake[2]: Leaving directory `/home/aps/r2.1.1/src/aps2hc'
Done
gnumake[1]: Leaving directory `/home/aps/r2.1.1/src/aps2hc'
Making archive
gnumake[1]: Entering directory `/home/aps/r2.1.1/src/archive'

Compiling main.c

Compiling archive_APS_file.c

Linking aps_archive_APS_file  
Done

Installing into APS:
gnumake[2]: Entering directory `/home/aps/r2.1.1/src/archive'
Installing aps_archive_APS_file to /home/aps/r2.1.1/bin/sparc
gnumake[2]: Leaving directory `/home/aps/r2.1.1/src/archive'
Done
gnumake[1]: Leaving directory `/home/aps/r2.1.1/src/archive'
Making catephm
gnumake[1]: Entering directory `/home/aps/r2.1.1/src/catephm'

Compiling main.for
main.for:
 MAIN main:

Compiling catephm.for
catephm.for:
	catephm:

Linking    aps_catephm
Done

Installing into APS:
gnumake[2]: Entering directory `/home/aps/r2.1.1/src/catephm'
Installing aps_catephm to /home/aps/r2.1.1/bin/sparc
gnumake[2]: Leaving directory `/home/aps/r2.1.1/src/catephm'
Done
gnumake[1]: Leaving directory `/home/aps/r2.1.1/src/catephm'
Making cdtkopps
gnumake[1]: Entering directory `/home/aps/r2.1.1/src/cdtkopps'

Compiling cdto_getopts.c

Compiling get_dar_sscv.c

Compiling get_site_sscv.c

Compiling tcopy.c

Compiling tcycle.c

Compiling get_cvrg.c

Compiling get_dar.c

Compiling get_site.c

Compiling delete_sscvrg.c

Compiling insert_sscvrg.c

Compiling sscvbatch.for
sscvbatch.for:
	sscvbatch:

Compiling sscvad.for
sscvad.for:
	sscvad:

Compiling sscvc.for
sscvc.for:
	sscvc:

Compiling sscvcb.for
sscvcb.for:
	sscvcb:

Compiling sscvq.for
sscvq.for:
	sscvq:

Compiling sscvqb.for
sscvqb.for:
	sscvqb:

Compiling sscvrevs2t.for
sscvrevs2t.for:
	sscvrevs2t:

Compiling sscovc.for
sscovc.for:
	sscovc:

Compiling sscovq.for
sscovq.for:
	sscovq:

Linking    aps_crt_dtk_opps
Done

Installing into APS:
gnumake[2]: Entering directory `/home/aps/r2.1.1/src/cdtkopps'
Installing aps_crt_dtk_opps to /home/aps/r2.1.1/bin/sparc
gnumake[2]: Leaving directory `/home/aps/r2.1.1/src/cdtkopps'
Done
gnumake[1]: Leaving directory `/home/aps/r2.1.1/src/cdtkopps'
Making cnomask
gnumake[1]: Entering directory `/home/aps/r2.1.1/src/cnomask'

Compiling main.c

Compiling get_station.c

Compiling insert_maskinout.c

Compiling maskinout_metadata.c

Compiling delete_maskinout.c

Compiling maskinout.for
maskinout.for:
	maskinout:
	cart2ll:
	in_circle:
	minterp:
	swath:
	getx:
	getrue:
	entcir:
	progress:

Compiling maskformat.for
maskformat.for:
	maskformat:

Linking    aps_crt_nom_mask
Done

Installing into APS:
gnumake[2]: Entering directory `/home/aps/r2.1.1/src/cnomask'
Installing aps_crt_nom_mask to /home/aps/r2.1.1/bin/sparc
gnumake[2]: Leaving directory `/home/aps/r2.1.1/src/cnomask'
Done
gnumake[1]: Leaving directory `/home/aps/r2.1.1/src/cnomask'
Making cnomcov
gnumake[1]: Entering directory `/home/aps/r2.1.1/src/cnomcov'

Compiling create_nominal_cov.c

Compiling get_station.c

Compiling insert_cvrg.c

Compiling cvrg_metadata.c

Compiling delete_cov.c

Compiling a_ephem.for
a_ephem.for:
	a_ephem:

Compiling a_kepler.for
a_kepler.for:
	a_kepler:

Compiling coord.for
coord.for:
	coord:

Compiling coverage.for
coverage.for:
	coverage:
	cart2ll:
	in_circle:
	minterp:
	swath:
	getx:
	getrue:
	entcir:
	progress:

Compiling covformat.for
covformat.for:
	covformat:
	sephem:
	gll2xyz:

Compiling setsun.for
setsun.for:
	setsun:

Linking    aps_crt_nom_cov
Done

Installing into APS:
gnumake[2]: Entering directory `/home/aps/r2.1.1/src/cnomcov'
Installing aps_crt_nom_cov to /home/aps/r2.1.1/bin/sparc
gnumake[2]: Leaving directory `/home/aps/r2.1.1/src/cnomcov'
Done
gnumake[1]: Leaving directory `/home/aps/r2.1.1/src/cnomcov'
Making cnomorb
gnumake[1]: Entering directory `/home/aps/r2.1.1/src/cnomorb'

Compiling main.c

Compiling create_nominal_orbit.for
create_nominal_orbit.for:
	create_nominal_orbit:

Compiling ephmsvc1.for
ephmsvc1.for:
	ephmsvc1:
	ephmsvc1_checkdir:

Compiling ephmpm.for
ephmpm.for:
	ephmpm:

Compiling chkphase.for
chkphase.for:
	chkphase:

Linking    aps_crt_nom_orb
Done

Installing into APS:
gnumake[2]: Entering directory `/home/aps/r2.1.1/src/cnomorb'
Installing aps_crt_nom_orb to /home/aps/r2.1.1/bin/sparc
gnumake[2]: Leaving directory `/home/aps/r2.1.1/src/cnomorb'
Done
gnumake[1]: Leaving directory `/home/aps/r2.1.1/src/cnomorb'
Making create_files
gnumake[1]: Entering directory `/home/aps/r2.1.1/src/create_files'

Compiling create_aps_file.c
"/ASF/PRECM/include/faif/faifdefs.h", line 61: warning: typedef redeclared: CS_BYTE

Compiling asf_files.c
"/ASF/PRECM/include/faif/faifdefs.h", line 61: warning: typedef redeclared: CS_BYTE

Compiling esa_files.c
"/ASF/PRECM/include/faif/faifdefs.h", line 61: warning: typedef redeclared: CS_BYTE

Compiling nasda_files.c
"/ASF/PRECM/include/faif/faifdefs.h", line 61: warning: typedef redeclared: CS_BYTE

Compiling csa_files.c

Compiling get_ncvg.c

Compiling rsndaysvf.c

Compiling /home/aps/r2.1.1/src/gui/apsfiledef.c

Linking aps_crt_dTimeRpt 
Done

Installing into APS:
gnumake[2]: Entering directory `/home/aps/r2.1.1/src/create_files'
Installing aps_crt_dTimeRpt to /home/aps/r2.1.1/bin/sparc
gnumake[2]: Leaving directory `/home/aps/r2.1.1/src/create_files'
Done
gnumake[1]: Leaving directory `/home/aps/r2.1.1/src/create_files'
Making create_sv_files
gnumake[1]: Entering directory `/home/aps/r2.1.1/src/create_sv_files'

Compiling sv_main.c
"/ASF/PRECM/include/imsdads/ims_dbms.h", line 33: warning: macro redefined: COMPILE_STYLE
"/ASF/PRECM/include/faif/faifdefs.h", line 61: warning: typedef redeclared: CS_BYTE

Compiling sv_query.c

Compiling sv_create_odl.c

Linking    aps_crt_sv_File
Done

Installing into APS:
gnumake[2]: Entering directory `/home/aps/r2.1.1/src/create_sv_files'
Installing aps_crt_sv_File to /home/aps/r2.1.1/bin/sparc
gnumake[2]: Leaving directory `/home/aps/r2.1.1/src/create_sv_files'
Done
gnumake[1]: Leaving directory `/home/aps/r2.1.1/src/create_sv_files'
Making darstats
gnumake[1]: Entering directory `/home/aps/r2.1.1/src/darstats'
gnumake[1]: Nothing to be done for `all'.

Installing into APS:
gnumake[2]: Entering directory `/home/aps/r2.1.1/src/darstats'
Installing aps_darstats to /home/aps/r2.1.1/bin/sparc
gnumake[2]: Leaving directory `/home/aps/r2.1.1/src/darstats'
Done
gnumake[1]: Leaving directory `/home/aps/r2.1.1/src/darstats'
Making dtkm_segload
gnumake[1]: Entering directory `/home/aps/r2.1.1/src/dtkm_segload'

Compiling dtkm_segload.c

Compiling dtkmseg_add_segment.c

Compiling dtkm_segload_error_message.c

Compiling dtkmseg_update_seg_dtkid.c

Linking    aps_dtkm_segload
Done

Installing into APS:
gnumake[2]: Entering directory `/home/aps/r2.1.1/src/dtkm_segload'
Installing aps_dtkm_segload to /home/aps/r2.1.1/bin/sparc
gnumake[2]: Leaving directory `/home/aps/r2.1.1/src/dtkm_segload'
Done
gnumake[1]: Leaving directory `/home/aps/r2.1.1/src/dtkm_segload'
Making framegen
gnumake[1]: Entering directory `/home/aps/r2.1.1/src/framegen'

Compiling main.c

Compiling aps_framegen.c

Compiling aps_framegen_error_message.c

Compiling call_framegen.c
"/ASF/PRECM/include/imsdads/ims_dbms.h", line 33: warning: macro redefined: COMPILE_STYLE

Compiling clean_up_framegen_calls.c

Compiling dtk_was_reported.c

Compiling report_dtk.c

Compiling report_expired_dtks.c

Linking    aps_framegen
Done

Installing into APS:
gnumake[2]: Entering directory `/home/aps/r2.1.1/src/framegen'
Installing aps_framegen to /home/aps/r2.1.1/bin/sparc
gnumake[2]: Leaving directory `/home/aps/r2.1.1/src/framegen'
Done
gnumake[1]: Leaving directory `/home/aps/r2.1.1/src/framegen'
Making get_sequence_number
gnumake[1]: Entering directory `/home/aps/r2.1.1/src/get_sequence_number'

Compiling main.c

Linking    aps_get_sequence_number
Done

Installing into APS:
gnumake[2]: Entering directory `/home/aps/r2.1.1/src/get_sequence_number'
Installing aps_get_sequence_number to /home/aps/r2.1.1/bin/sparc
gnumake[2]: Leaving directory `/home/aps/r2.1.1/src/get_sequence_number'
Done
gnumake[1]: Leaving directory `/home/aps/r2.1.1/src/get_sequence_number'
Making gui
gnumake[1]: Entering directory `/home/aps/r2.1.1/src/gui'

Compiling aps.c

Compiling UxMethod.c

Compiling UxXt.c

Compiling apsfiledef.c

Compiling apsfilefunc.c

Compiling apspath_func.c

Compiling aps_global.c

Compiling aps_imsDB.c
"/ASF/PRECM/include/imsdads/ims_dbms.h", line 33: warning: macro redefined: COMPILE_STYLE

Compiling cb_antdntimes.c
"/home/sybase/syb11/include/sybfront.h", line 173: warning: typedef redeclared: BOOL

Compiling cb_apslogin.c
"/usr/openwin/include/X11/Xmd.h", line 97: warning: typedef redeclared: CS_BYTE
"/usr/openwin/include/X11/Xmd.h", line 99: warning: typedef redeclared: BOOL

Compiling cb_apsmenu.c
"/usr/openwin/include/X11/Xmd.h", line 97: warning: typedef redeclared: CS_BYTE
"/usr/openwin/include/X11/Xmd.h", line 99: warning: typedef redeclared: BOOL

Compiling cb_apswoscompare.c
"/usr/openwin/include/X11/Xmd.h", line 97: warning: typedef redeclared: CS_BYTE
"/usr/openwin/include/X11/Xmd.h", line 99: warning: typedef redeclared: BOOL

Compiling cb_cdtakeopps.c
"/usr/openwin/include/X11/Xmd.h", line 97: warning: typedef redeclared: CS_BYTE
"/usr/openwin/include/X11/Xmd.h", line 99: warning: typedef redeclared: BOOL

Compiling cb_cnomcov.c
"/usr/openwin/include/X11/Xmd.h", line 97: warning: typedef redeclared: CS_BYTE
"/usr/openwin/include/X11/Xmd.h", line 99: warning: typedef redeclared: BOOL

Compiling cb_cnomorb.c
"/home/sybase/syb11/include/sybfront.h", line 173: warning: typedef redeclared: BOOL

Compiling cb_conrndup.c
"/home/sybase/syb11/include/sybfront.h", line 173: warning: typedef redeclared: BOOL

Compiling cb_crtapsfile.c
"/usr/openwin/include/X11/Xmd.h", line 97: warning: typedef redeclared: CS_BYTE
"/usr/openwin/include/X11/Xmd.h", line 99: warning: typedef redeclared: BOOL
"./vc_phaseselect.h", line 56: warning: macro redefined: UxParent
"/ASF/PRECM/include/faif/faifdefs.h", line 61: warning: typedef redeclared: CS_BYTE

Compiling cb_darmanager.c
"/home/sybase/syb11/include/sybfront.h", line 173: warning: typedef redeclared: BOOL

Compiling cb_datetime.c

Compiling cb_dtkmanager.c
"/usr/openwin/include/X11/Xmd.h", line 97: warning: typedef redeclared: CS_BYTE
"/usr/openwin/include/X11/Xmd.h", line 99: warning: typedef redeclared: BOOL

Compiling cb_fileviewer.c

Compiling cb_permstatus.c
"/usr/openwin/include/X11/Xmd.h", line 97: warning: typedef redeclared: CS_BYTE
"/usr/openwin/include/X11/Xmd.h", line 99: warning: typedef redeclared: BOOL

Compiling cb_prcapsfile.c
"/usr/openwin/include/X11/Xmd.h", line 97: warning: typedef redeclared: CS_BYTE
"/usr/openwin/include/X11/Xmd.h", line 99: warning: typedef redeclared: BOOL

Compiling cb_rgsdntimes.c
"/home/sybase/syb11/include/sybfront.h", line 173: warning: typedef redeclared: BOOL

Compiling cb_searchform.c
"/home/sybase/syb11/include/sybfront.h", line 173: warning: typedef redeclared: BOOL

Compiling cb_sortform.c
"/home/sybase/syb11/include/sybfront.h", line 173: warning: typedef redeclared: BOOL

Compiling gui_mu_utils.c

Compiling gui_utils.c

Compiling reqq_phase.c

Compiling satmenus.c

Compiling sscvcheckq.c

Compiling subprocess.c

Compiling vc_antdntimes.c
"/home/sybase/syb11/include/sybfront.h", line 173: warning: typedef redeclared: BOOL

Compiling vc_apslogin.c

Compiling vc_apsmenu.c

Compiling vc_cdtakeopps.c

Compiling vc_cnomcov.c

Compiling vc_cnomorb.c

Compiling vc_conrndup.c

Compiling vc_crtapsfile.c

Compiling vc_darmanager.c
"/home/sybase/syb11/include/sybfront.h", line 173: warning: typedef redeclared: BOOL

Compiling vc_dtkmanager.c
"/home/sybase/syb11/include/sybfront.h", line 173: warning: typedef redeclared: BOOL

Compiling vc_fileselectionbox.c

Compiling vc_fileviewer.c

Compiling vc_msgbox.c

Compiling vc_muinterval.c

Compiling vc_permstatus.c

Compiling vc_phaseselect.c

Compiling vc_prcapsfile.c

Compiling vc_rgsdntimes.c
"/home/sybase/syb11/include/sybfront.h", line 173: warning: typedef redeclared: BOOL

Compiling vc_searchform.c

Compiling vc_sortform.c

Compiling vc_apswoscompare.c

Linking    aps_gui
Done

Compiling get_prcapsfile_main.c

Compiling prcapsfile_main.c

Compiling apsfiledef.c

Linking    aps_get_prcapsfile_main
Done

Compiling do_prcapsfile_main.c

Linking    aps_do_prcapsfile_main
Done

Installing into APS:
gnumake[2]: Entering directory `/home/aps/r2.1.1/src/gui'
Installing aps_gui to /home/aps/r2.1.1/bin/sparc
Installing aps_get_prcapsfile_main to /home/aps/r2.1.1/bin/sparc
Installing aps_do_prcapsfile_main to /home/aps/r2.1.1/bin/sparc
gnumake[2]: Leaving directory `/home/aps/r2.1.1/src/gui'
Done
gnumake[1]: Leaving directory `/home/aps/r2.1.1/src/gui'
Making j1_msgn
gnumake[1]: Entering directory `/home/aps/r2.1.1/src/j1_msgn'

Compiling dn_time_conf_rej.c

Compiling do_j1_msgn.c
"/ASF/PRECM/include/faif/faifdefs.h", line 61: warning: typedef redeclared: CS_BYTE

Linking    aps_j1_msgn
Done

Installing into APS:
gnumake[2]: Entering directory `/home/aps/r2.1.1/src/j1_msgn'
Installing aps_j1_msgn to /home/aps/r2.1.1/bin/sparc
gnumake[2]: Leaving directory `/home/aps/r2.1.1/src/j1_msgn'
Done
gnumake[1]: Leaving directory `/home/aps/r2.1.1/src/j1_msgn'
Making mapr
gnumake[1]: Entering directory `/home/aps/r2.1.1/src/mapr'

Compiling ask_fields.c

Compiling db_fortran_bindings.c

Compiling db_print_planning_list.c

Compiling f77_aux.c

Compiling get_table_index.c

Compiling getpid_str.c

Compiling main.c

Compiling mapr_getdup.c

Compiling mu_print_error_msg.c

Compiling print2laser.c

Compiling table_def.c

Compiling mapper.for
mapper.for:
	mapper:

Compiling mpscvg.for
mpscvg.for:
	mpscvg:
	read_cvg:
	dis_cvgd:
	dis_cvgf:

Compiling mpsdar.for
mpsdar.for:
	mpsdar:
	get_dar_mapr:
	sitedisp:
	lldist:

Compiling mpsdtk.for
mpsdtk.for:
	mpsdtk:
	get_dtkname:
	get_dtk:
	dis_dtk:

Compiling mpssite.for
mpssite.for:
	mpssite:
	get_site:

Compiling mpsseg.for
mpsseg.for:
	mpsseg:
	get_segname:
	get_seg:
	dis_seg:

Compiling mpsspc.for
mpsspc.for:
	mpsspc:
	sscv_revs:
	dis_spc:
	adddar:

Compiling spc2seg.for
spc2seg.for:
	spc2seg:

Compiling get_def_ch.for
get_def_ch.for:
	get_def_ch:

Compiling begseg.for
begseg.for:
	begseg:

Compiling begws.for
begws.for:
	begws:

Compiling border.for
border.for:
	border:
	numtxt:
	prndeg:

Compiling calc_center.for
calc_center.for:
	calc_center:

Compiling calc_window.for
calc_window.for:
	calc_window:
	cylin2:

Compiling calcobs.for
calcobs.for:
	calcobs:

Compiling center.for
center.for:
	center:

Compiling difdeg.for
difdeg.for:
	difdeg:

Compiling dismsg.for
dismsg.for:
	dismsg:
	dismsgw:
	slen:

Compiling dismwf.for
dismwf.for:
	dismwf:

Compiling disp_seg.for
disp_seg.for:
	disp_seg:

Compiling displot.for
displot.for:
	displot:

Compiling disprint.for
disprint.for:
	disprint:

Compiling disseg.for
disseg.for:
	disseg:

Compiling diswmf.for
diswmf.for:
	diswmf:

Compiling endws.for
endws.for:
	endws:

Compiling get_center.for
get_center.for:
	get_center:

Compiling globe.for
globe.for:
	globe:

Compiling grid.for
grid.for:
	grid:

Compiling grid_display.for
grid_display.for:
	grid_display:

Compiling grid_setup.for
grid_setup.for:
	grid_setup:

Compiling grid_text.for
grid_text.for:
	grid_text:
	grid_numtxt:
	grid_distxt:

Compiling gridline.for
gridline.for:
	gridline:
	gridarc:

Compiling ltrans.for
ltrans.for:
	ltrans:

Compiling manage.for
manage.for:
	manage:

Compiling merzoom.for
merzoom.for:
	merzoom:
	merchk:

Compiling metafile.for
metafile.for:
	metafile:

Compiling minput.for
minput.for:
	mfinput:
	mfblkout:

Compiling mpsline.for
mpsline.for:
	dis_swath:
	dis_line:

Compiling overly.for
overly.for:
	overly:

Compiling pol_line.for
pol_line.for:
	pol_line:
	pol_arc:

Compiling polchk.for
polchk.for:
	polchk:
	polxy:
	quadrant:
	linecross:
	polbox:
	minmax:
	stlond:

Compiling polgrid.for
polgrid.for:
	polgrid:
	polborder:

Compiling poltext.for
poltext.for:
	poltext:
	f_lonline:
	p_txt:

Compiling polzoom.for
polzoom.for:
	polzoom:

Compiling remrep.for
remrep.for:
	rmvseg:
	rplseg:
	delseg:
	rmvall:

Compiling save.for
save.for:
	save:

Compiling segmnt.for
segmnt.for:
	crtseg:
	clsseg:
	allseg:

Compiling set_colors.for
set_colors.for:
	set_colors:

Compiling set_window.for
set_window.for:
	set_window:

Compiling stereo.for
stereo.for:
	vaxstereo:
	vaxinster:
	stereo:
	tfunc:
	inster:
	fifunc:

Compiling text_scale.for
text_scale.for:
	text_scale:

Compiling trim.for
trim.for:
	trim:

Compiling userio.for
userio.for:
	topmnu:
	funmnu:
	ask_wres:
	ask_wproj:
	spc_menu1:
	spc_menu2:
	segmnu:
	dtkmnu:
	cvgmnu:
	cvggtmnu:
	cvgtxmnu:
	ask_wlon:
	ask_wgrid:
	ask_wpolar:
	ask_wnsize:
	ask_mfname:
	overmnu:
	mngmnu:
	ask_comm:
	ask_sitename:
	ask_sat:
	ask_sensor:
	ask_rev:
	ask_id:
	ask_nrev:
	ask_darid:
	ask_segid:
	ask_dtkid:
	ask_time:
	ask_fname:
	ask_dbfile:
	ask_txfreq:
	toupper:
	cvgmask:
	show_segs:
	ask_latlon:
	ask_zmver:
	ask_plotdev:
	ask_zoomopt:

Compiling viewport.for
viewport.for:
	viewport:

Compiling window.for
window.for:
	window:
	satvw:
	cylin:

Compiling winput.for
winput.for:
	winput:

Compiling world.for
world.for:
	world:
"world.for", line 567: Warning: there is a branch to label 1000 from outside block
"world.for", line 927: Warning: there is a branch to label 200 from outside block

Compiling zmseg.for
zmseg.for:
	zmseg:

Compiling zoom.for
zoom.for:
	zoom:

Compiling chfnam.for
chfnam.for:
	chfnam:

Compiling exfnam.for
exfnam.for:
	exfnam:

Linking    aps_mapper
ld: warning: symbol `sscvrg_columns_' has differing sizes:
	(file mpsspc.o value=0x4; file /home/aps/r2.1.1/lib/sparc/global/libapsdb.a(aps_db_table.o) value=0x150);
	/home/aps/r2.1.1/lib/sparc/global/libapsdb.a(aps_db_table.o) definition taken
ld: warning: symbol `site_columns_' has differing sizes:
	(file mpssite.o value=0x4; file /home/aps/r2.1.1/lib/sparc/global/libapsdb.a(aps_db_table.o) value=0xd0);
	/home/aps/r2.1.1/lib/sparc/global/libapsdb.a(aps_db_table.o) definition taken
ld: warning: symbol `seg_columns_' has differing sizes:
	(file mpsseg.o value=0x4; file /home/aps/r2.1.1/lib/sparc/global/libapsdb.a(aps_db_table.o) value=0x170);
	/home/aps/r2.1.1/lib/sparc/global/libapsdb.a(aps_db_table.o) definition taken
ld: warning: symbol `dtk_columns_' has differing sizes:
	(file mpsdtk.o value=0x4; file /home/aps/r2.1.1/lib/sparc/global/libapsdb.a(aps_db_table.o) value=0x220);
	/home/aps/r2.1.1/lib/sparc/global/libapsdb.a(aps_db_table.o) definition taken
ld: warning: symbol `dar_columns_' has differing sizes:
	(file mpsdar.o value=0x4; file /home/aps/r2.1.1/lib/sparc/global/libapsdb.a(aps_db_table.o) value=0x1e0);
	/home/aps/r2.1.1/lib/sparc/global/libapsdb.a(aps_db_table.o) definition taken
ld: warning: symbol `cvrg_columns_' has differing sizes:
	(file mpscvg.o value=0x4; file /home/aps/r2.1.1/lib/sparc/global/libapsdb.a(aps_db_table.o) value=0x140);
	/home/aps/r2.1.1/lib/sparc/global/libapsdb.a(aps_db_table.o) definition taken
ld: warning: symbol `active_dar_activities_columns_' has differing sizes:
	(file spc2seg.o value=0x4; file /home/aps/r2.1.1/lib/sparc/global/libapsdb.a(aps_db_table.o) value=0x90);
	/home/aps/r2.1.1/lib/sparc/global/libapsdb.a(aps_db_table.o) definition taken
Done

Installing into APS:
gnumake[2]: Entering directory `/home/aps/r2.1.1/src/mapr'
Installing aps_mapper to /home/aps/r2.1.1/bin/sparc
gnumake[2]: Leaving directory `/home/aps/r2.1.1/src/mapr'
Done
gnumake[1]: Leaving directory `/home/aps/r2.1.1/src/mapr'
Making opln_print
gnumake[1]: Entering directory `/home/aps/r2.1.1/src/opln_print'

Compiling main.c

Compiling print_opln.c

Linking    aps_opln_print
Done

Installing into APS:
gnumake[2]: Entering directory `/home/aps/r2.1.1/src/opln_print'
Installing aps_opln_print to /home/aps/r2.1.1/bin/sparc
gnumake[2]: Leaving directory `/home/aps/r2.1.1/src/opln_print'
Done
gnumake[1]: Leaving directory `/home/aps/r2.1.1/src/opln_print'
Making rev2time
gnumake[1]: Entering directory `/home/aps/r2.1.1/src/rev2time'

Compiling main.c

Linking    aps_rev2time
Done

Installing into APS:
gnumake[2]: Entering directory `/home/aps/r2.1.1/src/rev2time'
Installing aps_rev2time to /home/aps/r2.1.1/bin/sparc
gnumake[2]: Leaving directory `/home/aps/r2.1.1/src/rev2time'
Done
gnumake[1]: Leaving directory `/home/aps/r2.1.1/src/rev2time'
Making stoic
gnumake[1]: Entering directory `/home/aps/r2.1.1/src/stoic'

Compiling aps2ims_archive.c

Compiling asf2et.c

Compiling create_metadata_IMS.c

Compiling gha_today.for
gha_today.for:
 MAIN gha_today:

Compiling gha_append.for
gha_append.for:
	gha_append:

Compiling mps2gha.for
mps2gha.for:
	mps2gha:

Compiling et2ut1.for
et2ut1.for:
	et2ut1:

Compiling etrans.for
etrans.for:
	tc_et2utc:
	tc_utc2et:
	tc_julian:

Compiling gcbomb.for
gcbomb.for:
	gcbomb:

Linking gha_today.exe 
Done

Compiling gha_update.for
gha_update.for:
 MAIN gha_update:

Linking gha_update.exe 
Done

Compiling stoicfile_metadata.c

Linking stoicfile_metadata.exe 
Done

Installing into APS:
gnumake[2]: Entering directory `/home/aps/r2.1.1/src/stoic'
Installing gha_today.exe to /home/aps/r2.1.1/bin/sparc
Installing gha_update.exe to /home/aps/r2.1.1/bin/sparc
Installing stoicfile_metadata.exe to /home/aps/r2.1.1/bin/sparc
gnumake[2]: Leaving directory `/home/aps/r2.1.1/src/stoic'
Done
gnumake[1]: Leaving directory `/home/aps/r2.1.1/src/stoic'
Making time2rev
gnumake[1]: Entering directory `/home/aps/r2.1.1/src/time2rev'

Compiling main.c

Linking    aps_time2rev
Done

Installing into APS:
gnumake[2]: Entering directory `/home/aps/r2.1.1/src/time2rev'
Installing aps_time2rev to /home/aps/r2.1.1/bin/sparc
gnumake[2]: Leaving directory `/home/aps/r2.1.1/src/time2rev'
Done
gnumake[1]: Leaving directory `/home/aps/r2.1.1/src/time2rev'
Making write2syslog
gnumake[1]: Entering directory `/home/aps/r2.1.1/src/write2syslog'

Compiling main.c

Linking    aps_write2syslog
Done

Installing into APS:
gnumake[2]: Entering directory `/home/aps/r2.1.1/src/write2syslog'
Installing aps_write2syslog to /home/aps/r2.1.1/bin/sparc
gnumake[2]: Leaving directory `/home/aps/r2.1.1/src/write2syslog'
Done
gnumake[1]: Leaving directory `/home/aps/r2.1.1/src/write2syslog'
DONE with make all
