OBJECT = DOWNLINK_MESSAGE
OBJECT = COMMON_HEADER
TIME = 1996-037T16:50:32.000
MSG_TYPE= 'DOWNLINK_MESSAGE'
DESTINATION = 'IMS'
SOURCE = 'WFF'
NUMBER_OF_RECORDS = 1
END_OBJECT = COMMON_HEADER
OBJECT = DOWNLINK_MESSAGE
PLATFORM = 'E-ERS-2'
SENSOR = 'SAR'
MODE = ''
REVOLUTION = 4176
SEQUENCE = 1
ACTIVITY_ID = 'RTS'
AGENCY = 'ESA'
STATUS = 'YES'
MEDIA_ID_ALIAS = 'ms0123'
START_ADDRESS = 05565648
STOP_ADDRESS = 07611357
START_TIME = 1996-037T20:24:00.000
END_TIME = 1996-037T20:36:00.000
RECORDER_ID = 'B1'
END_OBJECT = DOWNLINK_MESSAGE
END_OBJECT = DOWNLINK_MESSAGE
