
OBJECT = WOS
OBJECT = COMMON_HEADER
    TIME = 1996-004T15:49:26.000
    MSG_TYPE = 'WOS'
    DESTINATION = 'WALLOPS'
    SOURCE = 'ASF'
    NUMBER_OF_RECORDS = 6
END OBJECT = COMMON_HEADER
END OBJECT = VANCE_END
OBJECT = WOS_record
    SATELLITE = 'E-ERS-1'
    SENSOR = 'SAR'
    MODE = 'OPS'
    REVOLUTION = 8523
    DATATAKES = 1
    ACTIVITY_ID = 'RT-SAR'
    AGENCY = 'ESA-APS'
    TIME-ON  = 1993-062T04:06:25.548
    TIME-OFF = 1993-062T04:12:22.163
    SITENAME = ''
    QUICKLOOK_FLAG = 'NO'
END OBJECT = WOS_record
OBJECT = WOS_record
    SATELLITE = 'E-ERS-1'
    SENSOR = 'SAR'
    MODE = ''
    REVOLUTION = 8524
    DATATAKES = 1
    ACTIVITY_ID = 'RT-SAR'
    AGENCY = 'ESA-APS'
    TIME-ON  = 1993-062T05:44:13.589
    TIME-OFF = 1993-062T05:49:08.264
    SITENAME = ''
    QUICKLOOK_FLAG = 'NO'
END OBJECT = WOS_record
OBJECT = WOS_record
    SATELLITE = 'E-ERS-1'
    SENSOR = 'SAR'
    MODE = ''
    REVOLUTION = 8525
    DATATAKES = 1
    ACTIVITY_ID = 'RT-SAR'
    AGENCY = 'ESA-APS'
    TIME-ON  = 1993-062T07:24:37.770
    TIME-OFF = 1993-062T07:26:32.874
    SITENAME = ''
    QUICKLOOK_FLAG = 'NO'
END OBJECT = WOS_record
OBJECT = WOS_record
    SATELLITE = 'E-ERS-1'
    SENSOR = 'SAR'
    MODE = ''
    REVOLUTION = 8532
    DATATAKES = 1
    ACTIVITY_ID = 'RT-SAR'
    AGENCY = 'ESA-APS'
    TIME-ON  = 1993-062T19:22:13.060
    TIME-OFF = 1993-062T19:28:49.307
    SITENAME = ''
    QUICKLOOK_FLAG = 'NO'
END OBJECT = WOS_record
OBJECT = WOS_record
    SATELLITE = 'E-ERS-1'
    SENSOR = 'SAR'
    MODE = ''
    REVOLUTION = 8533
    DATATAKES = 1
    ACTIVITY_ID = 'RT-SAR'
    AGENCY = 'ESA-APS'
    TIME-ON  = 1993-062T21:01:05.068
    TIME-OFF = 1993-062T21:06:10.379
    SITENAME = ''
    QUICKLOOK_FLAG = 'NO'
END OBJECT = WOS_record
OBJECT = WOS_record
    SATELLITE = 'E-ERS-1'
    SENSOR = 'SAR'
    MODE = ''
    REVOLUTION = 8534
    DATATAKES = 1
    ACTIVITY_ID = 'RT-SAR'
    AGENCY = 'ESA-APS'
    TIME-ON  = 1993-062T22:42:38.048
    TIME-OFF = 1993-062T22:48:28.998
    SITENAME = ''
    QUICKLOOK_FLAG = 'NO'
END OBJECT = WOS_record
END OBJECT = WOS
END

